119512 INFO  [2013-01-24 15:49:30]  @咪紫  大全啊～～～来来～～ //@千惠妈一张怪蜀黍脸://@蜜糖想要总帅跳芭蕾:喵控必须转TVT //@死蠢阿D:猫控圆满了呜呜呜呜呜呜  //@shapers:捂心口  //@求长肉的小进:各种萌喵&gt;_&lt;  //@昕尘shine1:喵喵喵~~全是喵ww  //@肉村炖杉田XD越炖越甜  //@翎允曦:最后一张真给力。
119512 INFO  [2013-01-24 15:49:30]  //@全球时尚:不信你试试
119512 INFO  [2013-01-24 15:49:30]  //@Kimmyland:[心] [心] 我也要一只~~~
119512 INFO  [2013-01-24 15:49:30]  //@全球时尚:纯色美
119512 INFO  [2013-01-24 15:49:30]  @咪紫 look～～萌物
119512 INFO  [2013-01-24 15:49:30]  转发微博。
119512 INFO  [2013-01-24 15:49:30]  吃X出动～ice cream我来了～
119512 INFO  [2013-01-24 15:49:30]  圣诞节临近果然福利多多～
119512 INFO  [2013-01-24 15:49:30]  //@安夜小七:转发微博。
119512 INFO  [2013-01-24 15:49:30]  [爱你]  //@浣保会会长神功已练成:转走萌死麻瓜们 西本女王啊TAT //@铁圈takarazuka:没有胸? //@JT四倍速艹泥马:气场啊！！！西本姐姐你帅疯了！
119512 INFO  [2013-01-24 15:49:30]  考试什么的～加油
119512 INFO  [2013-01-24 15:49:30]  //@朵朵君求OFFER:My father is Ligang
119512 INFO  [2013-01-24 15:49:30]  //@爱稀奇官方围脖:这个可以期待！ //@Kenantha:// @世界知识 :转发一段很美的片花，向大家道晚安！
119512 INFO  [2013-01-24 15:49:30]  转发不解释～同要求就这样～
119512 INFO  [2013-01-24 15:49:30]  名为牛奶夹心的小面包一点夹心都看不到……
119513 INFO  [2013-01-24 15:49:30]  加油加油～大家一起
119513 INFO  [2013-01-24 15:49:30]  转发微博。
119513 INFO  [2013-01-24 15:49:30]  //@點點求娜娜早日康復:@阿1咕
119513 INFO  [2013-01-24 15:49:30]  分享图片
119513 INFO  [2013-01-24 15:49:30]  //@joyceli666:太萌了~ //@千惠妈一张怪蜀黍脸://@蜜糖在等dmmd:小鸭子过海~~//@红铃:蓝鸭子……!
119513 INFO  [2013-01-24 15:49:30]  //@千惠妈一张怪蜀黍脸://@萌物小湯圓:哈哈哈哈哈哈....
119513 INFO  [2013-01-24 15:49:30]  转发微博。
119513 INFO  [2013-01-24 15:49:30]  好美～
119513 INFO  [2013-01-24 15:49:30]  寝室集体男女互查。。。阿姨你想干什么。。。。
119513 INFO  [2013-01-24 15:49:30]  @咪紫 http://sinaurl.cn/bQFQJ
119514 INFO  [2013-01-24 15:49:30]  //@全球时尚:so  beautiful [花]
119514 INFO  [2013-01-24 15:49:30]  //@helen猫:官方也來卖萌了 , 好有爱 ❤~
119514 INFO  [2013-01-24 15:49:30]  容易被感动 应该是好事吧
119514 INFO  [2013-01-24 15:49:30]  @咪紫@Icy悠悠 ：太ha宁了。。。。。你们两个
119514 INFO  [2013-01-24 15:49:30]  @咪紫@Icy悠 主人与宠物～
119514 INFO  [2013-01-24 15:49:30]  花钱如流水。。。全扔在吃上了～冬眠不易
119514 INFO  [2013-01-24 15:49:30]  //@全球时尚:逢考必过[奥特曼]
119514 INFO  [2013-01-24 15:49:30]  @咪紫 看。。。。 //@尤辣辣人傻钱多速来:左边的歪了TAT //@年糕糯米团子:GA桑真是光彩照人啊~ //@据说像银行抢匪的习习:杂志标题让我很想到一个词……养成系 //@镇家阿玉回归RO:吾…只觉得右边那个依然妖怪【喂 @角二纠结至死 /@鸿门上的小米:本乡小弟长大了。。。。
119514 INFO  [2013-01-24 15:49:30]  @咪紫http://sinaurl.cn/7Vx0a
119514 INFO  [2013-01-24 15:49:30]  天方夜谭。。。。TT //@joyceli666:我真能是第一吗[可怜]浣熊君还拿着我最爱的きつねうどん面，这不是馋我呢嘛[泪]   //@名都妖女:……咱就是那悲催的摩羯[不公平]  //@张小卷:[耶] 太棒了 //@贺雄莉:@张小卷 哦哦~你又第一名喽!加油,加油[跳舞花][乐乐]
119514 INFO  [2013-01-24 15:49:30]  转发微博。
119514 INFO  [2013-01-24 15:49:30]  //@千惠妈一张怪蜀黍脸://@loli不温柔可爱:噗 //@新浪宠物频道:呃。。你这是要闹哪样啊。。乖乖睡觉
119514 INFO  [2013-01-24 15:49:30]  别墅～来栋别墅～ //@小叮噹_麗麗:@米柚小丹
119514 INFO  [2013-01-24 15:49:30]  //@名都妖女://@食懵你:我也换成了别的语言，笑得要死 //@精分原:试了其它语言，于是把今晚的hhp全用光了orz'
119514 INFO  [2013-01-24 15:49:30]  //@海天之辉:威尼斯的面具相当出名呢。。
119514 INFO  [2013-01-24 15:49:30]  //@全球时尚:被萌到了！！[心]
119514 INFO  [2013-01-24 15:49:30]  转发微博。
119514 INFO  [2013-01-24 15:49:30]  举手。。。。 //@尤辣辣爱学习:举手= = //@梨花柚千惠妈:举手。。 //@蛋吉很憋屈:乖乖的举手。。。//@白咩咩需要休息:乖乖的举手。。。 //@有求必应小超人:看成800日元的请举手
119514 INFO  [2013-01-24 15:49:30]  魔羯就是个悲剧哭。。。。 //@凉爹变态了:哈哈哈，太好笑了//@白咩咩需要休息:挖鼻孔。。。
119534 INFO  [2013-01-24 15:49:30]  能上外网～美好～
119534 INFO  [2013-01-24 15:49:30]  oven break 它竟然限免了～～～
119534 INFO  [2013-01-24 15:49:30]  转发微博。
119534 INFO  [2013-01-24 15:49:30]  @咪紫   看看。。。。我们两个 //@星座秘语:12星座年底前的桃花指数
119534 INFO  [2013-01-24 15:49:30]  @咪紫  在很久以前吧～ms是这样的  现在吧 魔羯偷懒掉落到不知道第几了。。。
119534 INFO  [2013-01-24 15:49:30]  @咪紫 @seraphim浠 @Icy悠悠 看看看看～
119534 INFO  [2013-01-24 15:49:30]  //@全球时尚:卷发好像公主，直发很有范儿[花心]
119534 INFO  [2013-01-24 15:49:30]  //@咪紫:久等的幸福 //@尐狐貍lostwar:有点小感动！
119534 INFO  [2013-01-24 15:49:30]  //@咪紫:[感]  //@柳宫敏:[感]  //@堂本TA酱:[感]  //@silverblue爱family:[感]  //@yo大人:[感]  //@开中控_焕贤:[感]
119534 INFO  [2013-01-24 15:49:30]  //@夕夏有仇一定要各种报://@烨辰是弃猫://@星辰河狱://@冥王的送葬歌: //@甜心的兔子小屋: //@闭关不解释:求！  //@奤奤素飘飘:求赚大钱求赚大钱求赚大钱！  //@莲花蘸酱油:求顺利毕业求顺利找到理想工作
119534 INFO  [2013-01-24 15:49:30]  转发微博。
119534 INFO  [2013-01-24 15:49:30]  //@夕夏有仇一定要各种报:熊妈，你儿子咋了？ //@_散装冢饭爱吃柚子_://@干物魚隊長://@Cindy丁丁://@Lynn_yl:转发微博。
119534 INFO  [2013-01-24 15:49:30]  //@咪紫:噗 //@麦纸光:哈哈，司仪好萌~ // @Salan鏡夜 :喷 // @最有爱的森爷-v- :// @红茶蓝调 : // @大阪德普叔 : // @tanukiSAMA : // @我吃了吉爾伯特格雷普 :司仪好萌  // @蕾迷 :哈哈
119534 INFO  [2013-01-24 15:49:30]  转发微博。
119534 INFO  [2013-01-24 15:49:30]  ﹫咪紫 今天85一律85折～我早餐美好了～ 龙港这辆暴空……我大概要好久来了……
119534 INFO  [2013-01-24 15:49:30]  这网抽得我连砸电脑的心都有了。。。。
119534 INFO  [2013-01-24 15:49:30]  @咪紫@seraphim浠  下周大家集体上靴子哈～
119534 INFO  [2013-01-24 15:49:30]  转发微博。
119534 INFO  [2013-01-24 15:49:30]  @咪紫@seraphim浠 强烈要求上靴子图～最好是穿好的～
119534 INFO  [2013-01-24 15:49:30]  //@海天之辉:气质很出尘（啥形容 =。=|||） //@飘忽0901:关键是气质啊[花心]
119534 INFO  [2013-01-24 15:49:30]  //@全球时尚:爱的花海，爱的力量！[蜡烛]
119534 INFO  [2013-01-24 15:49:30]  @seraphim浠 你有红皮鞋咩～～～～哈哈哈
119535 INFO  [2013-01-24 15:49:30]  @咪紫@seraphim浠 @Icy悠悠 萌猫萌狗什么的 ～
119535 INFO  [2013-01-24 15:49:30]  一觉睡到快晚上了～美好
119535 INFO  [2013-01-24 15:49:30]  那啥。。。懂。。？不懂。。？ //@咪紫:完了！没懂！@violajoy @點點求娜娜早日康復  //@开始忙起来的喵251:我们懂了！ //@落叶飘零Dino:… //@山草药:似懂非懂呀，哈哈  //@堂本奈奈 :哈哈，很懂
119535 INFO  [2013-01-24 15:49:30]  吵架 喉咙痛 累 伤心
119535 INFO  [2013-01-24 15:49:30]  //@點點求娜娜早日康復:狗狗很好！！！！！！！！！！！//@咪紫:美好~ //@SC跟风移民火星:总会好起来的 //@imsharon:爱会延续的>< //@法梅里:被治愈了，活下来就会有好事 //@刚紫EE:一切都会好起来的 //@sakuramomoko1119:看上去都好幸福
119535 INFO  [2013-01-24 15:49:30]  //@浣保会会长有杀气:狗的眼神很给力啊………………跟见着红军亲人似的……
119535 INFO  [2013-01-24 15:49:30]  抄抄抄抄
119535 INFO  [2013-01-24 15:49:30]  //@joyceli666:这都是些啥美好的东东啊~今晚闪的咧~mirio最近很爱趴地上啊[偷笑]
119535 INFO  [2013-01-24 15:49:30]  //@再见-不送:哈!豆柴~~[花心]  //@umacoru:=v=柴犬美！最喜欢柴犬了，毛又短又帅气~（不喜欢长毛狗的飘过）
119535 INFO  [2013-01-24 15:49:30]  //@全球时尚:回复@请叫我罗莎:[鼓掌] //@请叫我罗莎:看了这个，神马都是浮云啊~~~
119535 INFO  [2013-01-24 15:49:30]  //@朵朵少吃点:我瞎了
119535 INFO  [2013-01-24 15:49:30]  //@尤辣辣爱学习:HHP //@濒临破产的非洲少年:喂~~/@大阪德普叔:！！！//@beeye:这个要转！！！ //@糾糾糾:HHP… //@隽隽等开饭:必转！！  //@Elizaveta_Hedervary :不轉不行  //@valkyrien : 捶地！！！
119535 INFO  [2013-01-24 15:49:30]  转发微博。
119535 INFO  [2013-01-24 15:49:30]  //@咪紫:萌萌~~~ //@每天都是熊猫子:禁忌小子！
119535 INFO  [2013-01-24 15:49:30]  兴头～～ //@海天之辉:儿子你红了，XDD~~~
119535 INFO  [2013-01-24 15:49:30]  其实我想念的是面窝和热干面～～～ //@贝太厨房:武汉街边小吃，要说有意思还是路边摊～
119535 INFO  [2013-01-24 15:49:30]  //@全球时尚:保佑我转好运：）
119535 INFO  [2013-01-24 15:49:30]  感觉今天晚上整个人空虚掉了。。。没有着地的感觉。。。
119535 INFO  [2013-01-24 15:49:30]  //@海天之辉:替罪羔羊 @诸彦杰:虽然刚开好SB会，但我们并不是SB。我们拒绝替罪羊。谁雇佣了无证电焊工？严惩。谁当初批准用了易燃的保暖层材料？彻查。谁非要在民生大问题都没解决的情况下，搞什么节能环保改造的面子工程？追究。如果真可以追究的话……
119535 INFO  [2013-01-24 15:49:30]  。。。。。这是。。。啥。。 //@苏吧拉基://@食懵你:不要啊！！！！！！这不是真的不是真的！！！！！
119535 INFO  [2013-01-24 15:49:30]  @咪紫 @seraphim浠 @Icy悠悠 来看来看啊～～～～ //@helen猫:MARU , 你太可愛了 , 肥得摔出來[花心]
119535 INFO  [2013-01-24 15:49:30]  //@joyceli666://@烏龍茶愛做夢://@PrentissA:感动涕零~//@Seven_Ga:// @Marslillian :// @Lollyspop :转发微博。
119535 INFO  [2013-01-24 15:49:30]  看看 看看！
119535 INFO  [2013-01-24 15:49:30]  转发微博。
119535 INFO  [2013-01-24 15:49:30]  @咪紫 看我新的客户端
119535 INFO  [2013-01-24 15:49:30]  对@咪紫 说：中午吃川菜～之前在楼下购得贝尔多爸爸3个～香草美味
119536 INFO  [2013-01-24 15:49:30]  //@helen猫:[来] 这萌貨, 快來勾引我吧~~~~
119536 INFO  [2013-01-24 15:49:30]  ～
119536 INFO  [2013-01-24 15:49:30]  老鸭薯条什么的。。。你们不在叫外卖的结果就是。。。撑死我了...
119536 INFO  [2013-01-24 15:49:30]  熊出 没注意。。。。。
119536 INFO  [2013-01-24 15:49:30]  对@咪紫 说：我打熊打到329了～～～～
119536 INFO  [2013-01-24 15:49:30]  对@咪紫 说：我看预告片了
119536 INFO  [2013-01-24 15:49:30]  最美好的生活莫过于阳光下打个盹～ //@點點求娜娜早日康復:这不是你么!! //@咪紫: @violajoy
119536 INFO  [2013-01-24 15:49:30]  对@咪紫 说：一个没刷新就三条@～～～～唉～～～容我慢慢看～仔细看～～哎哟那只好萌～
